2025-04-20 00:23:54.497232937[CLIENT]Copied file config_defaults/pack.mcmeta
2025-04-20 00:23:54.499727443[CLIENT]Copied file config_defaults/data/dcclasses/classes/warrior.json
2025-04-20 00:23:54.499973953[CLIENT]Copied file config_defaults/data/dcclasses/classes/speedrunner.json
2025-04-20 00:23:54.500201628[CLIENT]Copied file config_defaults/data/dcclasses/classes/scout.json
2025-04-20 00:23:54.500810033[CLIENT]Copied file config_defaults/data/dcclasses/classes/ranger.json
2025-04-20 00:23:54.50122063[CLIENT]Copied file config_defaults/data/dcclasses/classes/paladin.json
2025-04-20 00:23:54.501548201[CLIENT]Copied file config_defaults/data/dcclasses/classes/miner.json
2025-04-20 00:23:54.502178047[CLIENT]Copied file config_defaults/data/dcclasses/classes/marauder.json
2025-04-20 00:23:54.502521618[CLIENT]Copied file config_defaults/data/dcclasses/classes/berserker.json
2025-04-20 00:23:54.502878855[CLIENT]Copied file config_defaults/data/dcclasses/classes/agriculturalist.json
2025-04-20 00:23:54.504120973[CLIENT]Copied file config_defaults/assets/paraglider/textures/attribute/max_stamina.png
2025-04-20 00:23:54.50438705[CLIENT]Copied file config_defaults/assets/paraglider/attributes.json
2025-04-20 00:23:54.505122313[CLIENT]Copied file config_defaults/assets/minecraft/textures/attribute/player.sweeping_damage_ratio.png
2025-04-20 00:23:54.505363623[CLIENT]Copied file config_defaults/assets/minecraft/textures/attribute/player.submerged_mining_speed.png
2025-04-20 00:23:54.506294481[CLIENT]Copied file config_defaults/assets/minecraft/textures/attribute/player.sneaking_speed.png
2025-04-20 00:23:54.506650525[CLIENT]Copied file config_defaults/assets/minecraft/textures/attribute/player.mining_efficiency.png
2025-04-20 00:23:54.507370269[CLIENT]Copied file config_defaults/assets/minecraft/textures/attribute/player.entity_interaction_range.png
2025-04-20 00:23:54.507708279[CLIENT]Copied file config_defaults/assets/minecraft/textures/attribute/player.block_interaction_range.png
2025-04-20 00:23:54.508061459[CLIENT]Copied file config_defaults/assets/minecraft/textures/attribute/generic.water_movement_efficiency.png
2025-04-20 00:23:54.50842131[CLIENT]Copied file config_defaults/assets/minecraft/textures/attribute/generic.step_height.png
2025-04-20 00:23:54.50918745[CLIENT]Copied file config_defaults/assets/minecraft/textures/attribute/generic.scale.png
2025-04-20 00:23:54.509536462[CLIENT]Copied file config_defaults/assets/minecraft/textures/attribute/generic.safe_fall_distance.png
2025-04-20 00:23:54.509804903[CLIENT]Copied file config_defaults/assets/minecraft/textures/attribute/generic.oxygen_bonus.png
2025-04-20 00:23:54.510252198[CLIENT]Copied file config_defaults/assets/minecraft/textures/attribute/generic.movement_speed.png
2025-04-20 00:23:54.51055331[CLIENT]Copied file config_defaults/assets/minecraft/textures/attribute/generic.max_health.png
2025-04-20 00:23:54.510785042[CLIENT]Copied file config_defaults/assets/minecraft/textures/attribute/generic.max_absorption.png
2025-04-20 00:23:54.511198274[CLIENT]Copied file config_defaults/assets/minecraft/textures/attribute/generic.luck.png
2025-04-20 00:23:54.511811398[CLIENT]Copied file config_defaults/assets/minecraft/textures/attribute/generic.knockback_resistance.png
2025-04-20 00:23:54.512344323[CLIENT]Copied file config_defaults/assets/minecraft/textures/attribute/generic.jump_strength.png
2025-04-20 00:23:54.512609748[CLIENT]Copied file config_defaults/assets/minecraft/textures/attribute/generic.gravity.png
2025-04-20 00:23:54.512868661[CLIENT]Copied file config_defaults/assets/minecraft/textures/attribute/generic.fall_damage_multiplier.png
2025-04-20 00:23:54.513206312[CLIENT]Copied file config_defaults/assets/minecraft/textures/attribute/generic.explosion_knockback_resistance.png
2025-04-20 00:23:54.513455948[CLIENT]Copied file config_defaults/assets/minecraft/textures/attribute/generic.burning_time.png
2025-04-20 00:23:54.514007818[CLIENT]Copied file config_defaults/assets/minecraft/textures/attribute/generic.block_break_speed.png
2025-04-20 00:23:54.514357631[CLIENT]Copied file config_defaults/assets/minecraft/textures/attribute/generic.attack_speed.png
2025-04-20 00:23:54.514633836[CLIENT]Copied file config_defaults/assets/minecraft/textures/attribute/generic.attack_knockback.png
2025-04-20 00:23:54.514920461[CLIENT]Copied file config_defaults/assets/minecraft/textures/attribute/generic.attack_damage.png
2025-04-20 00:23:54.515178122[CLIENT]Copied file config_defaults/assets/minecraft/textures/attribute/generic.armor_toughness.png
2025-04-20 00:23:54.515404695[CLIENT]Copied file config_defaults/assets/minecraft/textures/attribute/generic.armor.png
2025-04-20 00:23:54.515656535[CLIENT]Copied file config_defaults/assets/minecraft/attributes.json
2025-04-20 00:23:54.518595871[CLIENT]Copied file config_defaults/assets/forge/textures/attribute/swim_speed.png
2025-04-20 00:23:54.51906637[CLIENT]Copied file config_defaults/assets/forge/textures/attribute/step_height_addition.png
2025-04-20 00:23:54.519329311[CLIENT]Copied file config_defaults/assets/forge/textures/attribute/reach_distance.png
2025-04-20 00:23:54.519590829[CLIENT]Copied file config_defaults/assets/forge/textures/attribute/entity_gravity.png
2025-04-20 00:23:54.52016396[CLIENT]Copied file config_defaults/assets/forge/textures/attribute/block_reach.png
2025-04-20 00:23:54.520468318[CLIENT]Copied file config_defaults/assets/forge/textures/attribute/attack_range.png
2025-04-20 00:23:54.520737791[CLIENT]Copied file config_defaults/assets/forge/attributes.json
2025-04-20 00:23:54.521434061[CLIENT]Copied file config_defaults/assets/epicfight/textures/attribute/max_stamina.png
2025-04-20 00:23:54.522238903[CLIENT]Copied file config_defaults/assets/dcclasses/textures/gui/class_selection.png
2025-04-20 00:23:54.522666822[CLIENT]Copied file config_defaults/assets/dcclasses/lang/en_us.json
2025-04-20 00:23:54.522814638[CLIENT]Generated data files.
